<?xml version="1.0" encoding="UTF-8"?>
<TestRun id="dbfaa96c-a762-4c5c-9330-91f47ad7e957" name="Student@10266A-GEN-DEV 2022-06-17 01:44:39" runUser="10266A-GEN-DEV\Student" xmlns="http://microsoft.com/schemas/VisualStudio/TeamTest/2010">
  <TestSettings name="Local" id="1ef29e91-e135-4eb5-9002-25401c6e16cd">
    <Description>These are default test settings for a local test run.</Description>
    <Deployment enabled="false" runDeploymentRoot="Student_10266A-GEN-DEV 2022-06-17 01_44_39">
      <DeploymentItem filename="E:\Labfiles\Lab 5\Ex1\Starter\FileEditor\bin\Release\FileEditor.exe" />
    </Deployment>
    <Execution>
      <TestTypeSpecific />
      <AgentRule name="Execution Agents">
      </AgentRule>
    </Execution>
  </TestSettings>
  <Times creation="2022-06-17T01:44:39.2404140-07:00" queuing="2022-06-17T01:44:39.2452968-07:00" start="2022-06-17T01:44:39.2511561-07:00" finish="2022-06-17T01:44:39.3488124-07:00" />
  <ResultSummary outcome="Completed">
    <Counters total="1" executed="1" passed="1" error="0" failed="0" timeout="0" aborted="0" inconclusive="0" passedButRunAborted="0" notRunnable="0" notExecuted="0" disconnected="0" warning="0" completed="0" inProgress="0" pending="0" />
  </ResultSummary>
  <TestDefinitions>
    <UnitTest name="WriteTextFileContentsTest1" storage="e:\labfiles\lab 5\ex1\starter\editor unit test project\bin\release\module 5 unit test project.dll" id="aeed1db2-fd47-7bf7-a72e-4f6538c0a550">
      <Execution id="a5a3cbb0-6828-4a80-a6c2-93e6d3ad7112" />
      <TestMethod codeBase="E:/Labfiles/Lab 5/Ex1/Starter/Editor Unit Test Project/bin/Release/Module 5 Unit Test Project.DLL" adapterTypeName="Microsoft.VisualStudio.TestTools.TestTypes.Unit.UnitTestAdapter, Microsoft.VisualStudio.QualityTools.Tips.UnitTest.Adapter, Version=10.0.0.0, Culture=neutral, PublicKeyToken=b03f5f7f11d50a3a" className="Lab5UnitTests.TextFileOperationsTest, Module 5 Unit Test Project, Version=1.0.0.0, Culture=neutral, PublicKeyToken=null" name="WriteTextFileContentsTest1" />
    </UnitTest>
  </TestDefinitions>
  <TestLists>
    <TestList name="Results Not in a List" id="8c84fa94-04c1-424b-9868-57a2d4851a1d" />
    <TestList name="All Loaded Results" id="19431567-8539-422a-85d7-44ee4e166bda" />
  </TestLists>
  <TestEntries>
    <TestEntry testId="aeed1db2-fd47-7bf7-a72e-4f6538c0a550" executionId="a5a3cbb0-6828-4a80-a6c2-93e6d3ad7112" testListId="8c84fa94-04c1-424b-9868-57a2d4851a1d" />
  </TestEntries>
  <Results>
    <UnitTestResult executionId="a5a3cbb0-6828-4a80-a6c2-93e6d3ad7112" testId="aeed1db2-fd47-7bf7-a72e-4f6538c0a550" testName="WriteTextFileContentsTest1" computerName="10266A-GEN-DEV" duration="00:00:00.0081215" startTime="2022-06-17T01:44:39.2550624-07:00" endTime="2022-06-17T01:44:39.3409999-07:00" testType="13cdc9d9-ddb5-4fa4-a97d-d965ccfc6d4b" outcome="Passed" testListId="8c84fa94-04c1-424b-9868-57a2d4851a1d" relativeResultsDirectory="a5a3cbb0-6828-4a80-a6c2-93e6d3ad7112">
    </UnitTestResult>
  </Results>
</TestRun>